
> web@1.0.0 build D:\ak\project\FairShare\apps\web
> next build

   ▲ Next.js 15.2.0
   - Environments: .env.local

   Creating an optimized production build ...
 ✓ Compiled successfully
   Linting and checking validity of types ...
   Collecting page data ...
   Generating static pages (0/28) ...
   Generating static pages (7/28) 
   Generating static pages (14/28) 
   Generating static pages (21/28) 
 ✓ Generating static pages (28/28)
   Finalizing page optimization ...
   Collecting build traces ...

Route (app)                              Size     First Load JS
┌ ○ /                                    4.26 kB         175 kB
├ ○ /_not-found                          181 B           118 kB
├ ○ /about                               3.38 kB         175 kB
├ ƒ /api/activity                        181 B           118 kB
├ ƒ /api/auth/login                      181 B           118 kB
├ ƒ /api/auth/logout                     181 B           118 kB
├ ƒ /api/auth/register                   181 B           118 kB
├ ƒ /api/auth/session                    181 B           118 kB
├ ƒ /api/auth/token                      181 B           118 kB
├ ○ /blog                                5.52 kB         177 kB
├ ƒ /blog/[slug]                         5.73 kB         177 kB
├ ○ /contact                             7 kB            178 kB
├ ƒ /dashboard                           5.47 kB         177 kB
├ ƒ /dashboard/activity                  5.15 kB         179 kB
├ ƒ /dashboard/expenses/[expenseId]      290 B           190 kB
├ ƒ /dashboard/groups                    296 B           190 kB
├ ƒ /dashboard/groups/[groupId]          296 B           190 kB
├ ƒ /dashboard/groups/[groupId]/settle   296 B           190 kB
├ ƒ /dashboard/profile                   4.39 kB         176 kB
├ ○ /dashboard/settings                  3.72 kB         175 kB
├ ○ /faq                                 5.67 kB         177 kB
├ ○ /features                            9.34 kB         168 kB
├ ○ /how-it-works                        3.68 kB         175 kB
├ ○ /login                               5.64 kB         177 kB
├ ○ /pricing                             4.01 kB         175 kB
├ ○ /privacy                             178 B           118 kB
├ ○ /register                            6.14 kB         177 kB
├ ƒ /supabase-test                       181 B           118 kB
├ ○ /terms                               178 B           118 kB
└ ○ /waitlist                            5.66 kB         177 kB
+ First Load JS shared by all            118 kB
  ├ chunks/7327-e92cc0d296786b90.js      62.6 kB
  ├ chunks/d926b3a0-ef5c8671b7884e91.js  53 kB
  └ other shared chunks (total)          2.02 kB


ƒ Middleware                             84.6 kB

○  (Static)   prerendered as static content
ƒ  (Dynamic)  server-rendered on demand

